<?xml version="1.0" encoding="UTF-8"?>
<testsuite name="Tests for Stack" tests="12" skipped="0" failures="0" errors="0" timestamp="2021-08-09T02:06:25" hostname="DESKTOP-HEP0FRQ" time="0.008">
  <properties/>
  <testcase name="testPushPeek()" classname="TestGenericStack" time="0.0"/>
  <testcase name="testNullStackIsFull()" classname="TestGenericStack" time="0.0"/>
  <testcase name="testPop()" classname="TestGenericStack" time="0.0"/>
  <testcase name="testClear()" classname="TestGenericStack" time="0.001"/>
  <testcase name="testNullStackIsEmpty()" classname="TestGenericStack" time="0.0"/>
  <testcase name="testFullExceptionOnPush()" classname="TestGenericStack" time="0.001"/>
  <testcase name="testEmptyExceptionOnPeek()" classname="TestGenericStack" time="0.0"/>
  <testcase name="testEmptyExceptionOnPop()" classname="TestGenericStack" time="0.001"/>
  <testcase name="testIsEmpty()" classname="TestGenericStack" time="0.001"/>
  <testcase name="testStackIsFull()" classname="TestGenericStack" time="0.0"/>
  <testcase name="testExceptionOnInvalidCapacity()" classname="TestGenericStack" time="0.0"/>
  <testcase name="testStringStack()" classname="TestGenericStack" time="0.0"/>
  <system-out><![CDATA[]]></system-out>
  <system-err><![CDATA[]]></system-err>
</testsuite>
